<?xml version="1.0" encoding="UTF-8"?>
<!-- Generated by org.testng.reporters.JUnitXMLReporter -->
<testsuite hostname="D-184003222" ignored="0" name="Test" tests="24" failures="0" timestamp="14 Feb 2018 07:45:36 GMT" time="2993.711" errors="0">
  <testcase name="openApp" time="2.406" classname="com.wipro.chcare.ccc.openCart006_performingActions_Totalamount"/>
  <testcase name="loginApp" time="0.639" classname="com.wipro.chcare.ccc.openCart006_performingActions_Totalamount"/>
  <testcase name="performingActions" time="5.882" classname="com.wipro.chcare.ccc.openCart006_performingActions_Totalamount"/>
  <testcase name="openApp" time="2.476" classname="com.wipro.chcare.ccc.openCart003_ProductComparison"/>
  <testcase name="productComparison" time="100.561" classname="com.wipro.chcare.ccc.openCart003_ProductComparison"/>
  <testcase name="openApp" time="1.558" classname="com.wipro.chcare.ccc.openCart005_GiftVoucher"/>
  <testcase name="loginapp" time="0.685" classname="com.wipro.chcare.ccc.openCart005_GiftVoucher"/>
  <testcase name="Gift_Vouchers" time="39.168" classname="com.wipro.chcare.ccc.openCart005_GiftVoucher"/>
  <testcase name="openApp" time="3.301" classname="com.wipro.chcare.ccc.openCart002_OrderHistory"/>
  <testcase name="loginApp" time="1.097" classname="com.wipro.chcare.ccc.openCart002_OrderHistory"/>
  <testcase name="homePageNavigation" time="12.318" classname="com.wipro.chcare.ccc.openCart002_OrderHistory"/>
  <testcase name="addToShoppingCart89and10" time="1.021" classname="com.wipro.chcare.ccc.openCart002_OrderHistory"/>
  <testcase name="checkOutConfirmOrder" time="23.809" classname="com.wipro.chcare.ccc.openCart002_OrderHistory"/>
  <testcase name="orderHistory" time="2616.244" classname="com.wipro.chcare.ccc.openCart002_OrderHistory"/>
  <testcase name="openApp" time="1.436" classname="com.wipro.chcare.ccc.openCart001_Registration"/>
  <testcase name="registration" time="4.836" classname="com.wipro.chcare.ccc.openCart001_Registration"/>
  <testcase name="reviewProd" time="17.156" classname="com.wipro.chcare.ccc.openCart001_Registration"/>
  <testcase name="reviewProd" time="19.316" classname="com.wipro.chcare.ccc.openCart001_Registration"/>
  <testcase name="addToWishList" time="11.691" classname="com.wipro.chcare.ccc.openCart001_Registration"/>
  <testcase name="openApp" time="1.866" classname="com.wipro.chcare.ccc.openCart004_AddingPhonesToTheCart"/>
  <testcase name="loginApp" time="0.729" classname="com.wipro.chcare.ccc.openCart004_AddingPhonesToTheCart"/>
  <testcase name="homePageNavigation" time="0.367" classname="com.wipro.chcare.ccc.openCart004_AddingPhonesToTheCart"/>
  <testcase name="AddingPhonesToTheCart" time="46.496" classname="com.wipro.chcare.ccc.openCart004_AddingPhonesToTheCart"/>
  <testcase name="billingDetails" time="59.174" classname="com.wipro.chcare.ccc.openCart004_AddingPhonesToTheCart"/>
</testsuite> <!-- Test -->
